2022-04-07 22:51:32,384:INFO:PyCaret Supervised Module
2022-04-07 22:51:32,384:INFO:ML Usecase: classification
2022-04-07 22:51:32,384:INFO:version 2.3.6
2022-04-07 22:51:32,385:INFO:Initializing setup()
2022-04-07 22:51:32,385:INFO:setup(target=counts, ml_usecase=classification, available_plots={'parameter': 'Hyperparameters', 'auc': 'AUC', 'confusion_matrix': 'Confusion Matrix', 'threshold': 'Threshold', 'pr': 'Precision Recall', 'error': 'Prediction Error', 'class_report': 'Class Report', 'rfe': 'Feature Selection', 'learning': 'Learning Curve', 'manifold': 'Manifold Learning', 'calibration': 'Calibration Curve', 'vc': 'Validation Curve', 'dimension': 'Dimensions', 'feature': 'Feature Importance', 'feature_all': 'Feature Importance (All)', 'boundary': 'Decision Boundary', 'lift': 'Lift Chart', 'gain': 'Gain Chart', 'tree': 'Decision Tree', 'ks': 'KS Statistic Plot'}, train_size=0.7, test_data=None, preprocess=True, imputation_type=simple, iterative_imputation_iters=5, categorical_features=None, categorical_imputation=constant, categorical_iterative_imputer=lightgbm, ordinal_features=None, high_cardinality_features=None, high_cardinality_method=frequency, numeric_features=None, numeric_imputation=mean, numeric_iterative_imputer=lightgbm, date_features=None, ignore_features=None, normalize=False, normalize_method=zscore, transformation=False, transformation_method=yeo-johnson, handle_unknown_categorical=True, unknown_categorical_method=least_frequent, pca=False, pca_method=linear, pca_components=None, ignore_low_variance=False, combine_rare_levels=False, rare_level_threshold=0.1, bin_numeric_features=None, remove_outliers=False, outliers_threshold=0.05, remove_multicollinearity=False, multicollinearity_threshold=0.9, remove_perfect_collinearity=True, create_clusters=False, cluster_iter=20, polynomial_features=False, polynomial_degree=2, trigonometry_features=False, polynomial_threshold=0.1, group_features=None, group_names=None, feature_selection=False, feature_selection_threshold=0.8, feature_selection_method=classic, feature_interaction=False, feature_ratio=False, interaction_threshold=0.01, fix_imbalance=False, fix_imbalance_method=None, transform_target=False, transform_target_method=box-cox, data_split_shuffle=True, data_split_stratify=False, fold_strategy=stratifiedkfold, fold=10, fold_shuffle=False, fold_groups=None, n_jobs=-1, use_gpu=False, custom_pipeline=None, html=True, session_id=None, log_experiment=False, experiment_name=None, log_plots=False, log_profile=False, log_data=False, silent=False, verbose=True, profile=False, profile_kwargs=None, display=None)
2022-04-07 22:51:32,386:INFO:Checking environment
2022-04-07 22:51:32,386:INFO:python_version: 3.7.7
2022-04-07 22:51:32,386:INFO:python_build: ('default', 'May  6 2020 11:45:54')
2022-04-07 22:51:32,386:INFO:machine: AMD64
2022-04-07 22:51:32,387:INFO:platform: Windows-10-10.0.19041-SP0
2022-04-07 22:51:32,388:INFO:Memory: svmem(total=17005035520, available=4532019200, percent=73.3, used=12473016320, free=4532019200)
2022-04-07 22:51:32,388:INFO:Physical Core: 4
2022-04-07 22:51:32,388:INFO:Logical Core: 8
2022-04-07 22:51:32,389:INFO:Checking libraries
2022-04-07 22:51:32,389:INFO:pd==1.3.1
2022-04-07 22:51:32,389:INFO:numpy==1.18.1
2022-04-07 22:51:32,389:INFO:sklearn==1.0.2
2022-04-07 22:51:33,339:INFO:Initializing compare_models()
2022-04-07 22:51:33,339:INFO:compare_models(include=None, fold=None, round=4, cross_validation=True, sort=Accuracy, n_select=5, budget_time=None, turbo=True, errors=ignore, fit_kwargs=None, groups=None, probability_threshold=None, verbose=True, display=None, exclude=None)
2022-04-07 22:51:33,339:INFO:Checking exceptions
2022-04-07 23:41:14,186:INFO:PyCaret Supervised Module
2022-04-07 23:41:14,187:INFO:ML Usecase: classification
2022-04-07 23:41:14,188:INFO:version 2.3.6
2022-04-07 23:41:14,188:INFO:Initializing setup()
2022-04-07 23:41:14,189:INFO:setup(target=counts, ml_usecase=classification, available_plots={'parameter': 'Hyperparameters', 'auc': 'AUC', 'confusion_matrix': 'Confusion Matrix', 'threshold': 'Threshold', 'pr': 'Precision Recall', 'error': 'Prediction Error', 'class_report': 'Class Report', 'rfe': 'Feature Selection', 'learning': 'Learning Curve', 'manifold': 'Manifold Learning', 'calibration': 'Calibration Curve', 'vc': 'Validation Curve', 'dimension': 'Dimensions', 'feature': 'Feature Importance', 'feature_all': 'Feature Importance (All)', 'boundary': 'Decision Boundary', 'lift': 'Lift Chart', 'gain': 'Gain Chart', 'tree': 'Decision Tree', 'ks': 'KS Statistic Plot'}, train_size=0.7, test_data=None, preprocess=True, imputation_type=simple, iterative_imputation_iters=5, categorical_features=None, categorical_imputation=constant, categorical_iterative_imputer=lightgbm, ordinal_features=None, high_cardinality_features=None, high_cardinality_method=frequency, numeric_features=None, numeric_imputation=mean, numeric_iterative_imputer=lightgbm, date_features=None, ignore_features=None, normalize=False, normalize_method=zscore, transformation=False, transformation_method=yeo-johnson, handle_unknown_categorical=True, unknown_categorical_method=least_frequent, pca=False, pca_method=linear, pca_components=None, ignore_low_variance=False, combine_rare_levels=False, rare_level_threshold=0.1, bin_numeric_features=None, remove_outliers=False, outliers_threshold=0.05, remove_multicollinearity=False, multicollinearity_threshold=0.9, remove_perfect_collinearity=True, create_clusters=False, cluster_iter=20, polynomial_features=False, polynomial_degree=2, trigonometry_features=False, polynomial_threshold=0.1, group_features=None, group_names=None, feature_selection=False, feature_selection_threshold=0.8, feature_selection_method=classic, feature_interaction=False, feature_ratio=False, interaction_threshold=0.01, fix_imbalance=False, fix_imbalance_method=None, transform_target=False, transform_target_method=box-cox, data_split_shuffle=True, data_split_stratify=False, fold_strategy=stratifiedkfold, fold=10, fold_shuffle=False, fold_groups=None, n_jobs=-1, use_gpu=False, custom_pipeline=None, html=True, session_id=None, log_experiment=False, experiment_name=None, log_plots=False, log_profile=False, log_data=False, silent=False, verbose=True, profile=False, profile_kwargs=None, display=None)
2022-04-07 23:41:14,189:INFO:Checking environment
2022-04-07 23:41:14,189:INFO:python_version: 3.7.7
2022-04-07 23:41:14,189:INFO:python_build: ('default', 'May  6 2020 11:45:54')
2022-04-07 23:41:14,190:INFO:machine: AMD64
2022-04-07 23:41:14,190:INFO:platform: Windows-10-10.0.19041-SP0
2022-04-07 23:41:14,190:INFO:Memory: svmem(total=17005035520, available=5266767872, percent=69.0, used=11738267648, free=5266767872)
2022-04-07 23:41:14,190:INFO:Physical Core: 4
2022-04-07 23:41:14,190:INFO:Logical Core: 8
2022-04-07 23:41:14,190:INFO:Checking libraries
2022-04-07 23:41:14,191:INFO:pd==1.3.1
2022-04-07 23:41:14,191:INFO:numpy==1.18.1
2022-04-07 23:41:14,191:INFO:sklearn==1.0.2
